-------------------------------------------------------------------------------
Test set: runner.TestRunner
-------------------------------------------------------------------------------
Tests run: 1, Failures: 0, Errors: 1, Skipped: 0, Time elapsed: 4.48 s <<< FAILURE! - in runner.TestRunner
Register as an Affiliate user with Cheque Payment Method(Rtail page)  Time elapsed: 0.386 s  <<< ERROR!
java.lang.NullPointerException: Cannot invoke "org.openqa.selenium.SearchContext.findElement(org.openqa.selenium.By)" because "this.searchContext" is null

